<?xml version="1.0" encoding="UTF-8"?>
<!-- Generated by org.testng.reporters.JUnitReportReporter -->
<testsuite hostname="DESKTOP-85P1QSU" failures="0" tests="1" name="com.hrm.qa.testcases.LoginPageTest" time="8.674" errors="0" timestamp="2021-05-16T22:53:11 BST" skipped="0">
  <testcase classname="com.hrm.qa.testcases.LoginPageTest" name="titlevalidation" time="8.674"/>
  <system-out/>
</testsuite> <!-- com.hrm.qa.testcases.LoginPageTest -->
